0 info it worked if it ends with ok
1 verbose cli [ '/usr/local/Cellar/node/5.1.0/bin/node',
1 verbose cli   '/usr/local/bin/npm',
1 verbose cli   'run',
1 verbose cli   'build' ]
2 info using npm@3.3.12
3 info using node@v5.1.0
4 verbose run-script [ 'prebuild', 'build', 'postbuild' ]
5 info lifecycle offer-selector@0.0.0~prebuild: offer-selector@0.0.0
6 silly lifecycle offer-selector@0.0.0~prebuild: no script for prebuild, continuing
7 info lifecycle offer-selector@0.0.0~build: offer-selector@0.0.0
8 verbose lifecycle offer-selector@0.0.0~build: unsafe-perm in lifecycle true
9 verbose lifecycle offer-selector@0.0.0~build: PATH: /usr/local/lib/node_modules/npm/bin/node-gyp-bin:/Users/andyboscur/Documents/offer-selector/node_modules/.bin:/usr/local/bin:/usr/bin:/bin:/usr/sbin:/sbin:/usr/local/MacGPG2/bin
10 verbose lifecycle offer-selector@0.0.0~build: CWD: /Users/andyboscur/Documents/offer-selector
11 silly lifecycle offer-selector@0.0.0~build: Args: [ '-c',
11 silly lifecycle   'browserify src/main.js --s OfferSelector -o dist/offer-selector.js --debug' ]
12 silly lifecycle offer-selector@0.0.0~build: Returned: code: 1  signal: null
13 info lifecycle offer-selector@0.0.0~build: Failed to exec build script
14 verbose stack Error: offer-selector@0.0.0 build: `browserify src/main.js --s OfferSelector -o dist/offer-selector.js --debug`
14 verbose stack Exit status 1
14 verbose stack     at EventEmitter.<anonymous> (/usr/local/lib/node_modules/npm/lib/utils/lifecycle.js:232:16)
14 verbose stack     at emitTwo (events.js:87:13)
14 verbose stack     at EventEmitter.emit (events.js:172:7)
14 verbose stack     at ChildProcess.<anonymous> (/usr/local/lib/node_modules/npm/lib/utils/spawn.js:24:14)
14 verbose stack     at emitTwo (events.js:87:13)
14 verbose stack     at ChildProcess.emit (events.js:172:7)
14 verbose stack     at maybeClose (internal/child_process.js:818:16)
14 verbose stack     at Process.ChildProcess._handle.onexit (internal/child_process.js:211:5)
15 verbose pkgid offer-selector@0.0.0
16 verbose cwd /Users/andyboscur/Documents/offer-selector
17 error Darwin 15.5.0
18 error argv "/usr/local/Cellar/node/5.1.0/bin/node" "/usr/local/bin/npm" "run" "build"
19 error node v5.1.0
20 error npm  v3.3.12
21 error code ELIFECYCLE
22 error offer-selector@0.0.0 build: `browserify src/main.js --s OfferSelector -o dist/offer-selector.js --debug`
22 error Exit status 1
23 error Failed at the offer-selector@0.0.0 build script 'browserify src/main.js --s OfferSelector -o dist/offer-selector.js --debug'.
23 error Make sure you have the latest version of node.js and npm installed.
23 error If you do, this is most likely a problem with the offer-selector package,
23 error not with npm itself.
23 error Tell the author that this fails on your system:
23 error     browserify src/main.js --s OfferSelector -o dist/offer-selector.js --debug
23 error You can get their info via:
23 error     npm owner ls offer-selector
23 error There is likely additional logging output above.
24 verbose exit [ 1, true ]
